================================================================
U: _check_verified 单元（真实函数 import）
================================================================
  ✅ U1 新格式 VERIFIED+step+task 双匹配 → 放行
  ✅ U2 step 不匹配 → 拒绝
  ✅ U3 跨任务重放（task B 用 task A 的 VERIFIED） → 拒绝
  ✅ U4 step_id=None 通配已死 → 拒绝
  ✅ U5 task_id=None → 拒绝
  ✅ U6 legacy verify_decision+task 匹配 → 放行
  ✅ U7 历史无 task_id 事件（两种格式） → 拒绝（fail-closed）
  ✅ U8 result=FAILED → 拒绝
  ✅ U9 空审计 → 拒绝
  ✅ U10 无效 JSON 行容错 → 仍命中有效行
  ✅ U11 data 非 dict（畸形伪造） → 拒绝
================================================================
C: verify_gate.py CLI
================================================================
  ✅ C1 有效 E3 证据 → VERIFIED(exit 0)
  ✅ C2 软完成证据 → REJECTED(exit 1)
  ✅ C3 有规则无证据 → BLOCKED(exit 1)
================================================================
E: carros_base.py verify 端到端
================================================================
  ✅ E1 有证据 verify → exit 0 + [x] + task-bound VERIFIED
  ✅ E2 Gate 回读： 本任务放行 / 他任务拒绝 / None 拒绝
  ✅ E3 有规则无证据 → exit 2 + 不标记 [x]
  ✅ E4 Gate 回读： 被阻 step 不放行
  ✅ E5 L1 无规则 → exit 0 + [x] + degraded 留痕
  ✅ E6 降级不产生 VERIFIED → Gate 不放行
================================================================
结果: 20/20 PASS, 0 FAIL
✅ ALL PASS — verify 链（cmd_verify → verify_gate → task-bound audit → Gate6 回读）确认正确
