backup exists, skip
SKIP E7 oracle FORCE kw aut→auth (already applied)
SKIP E1 gate5 docstring (already applied)
SKIP E1a token scope BLOCK (already applied)
SKIP E1b plan scope BLOCK (already applied)
SKIP H9 secret-scan gate (already applied)
SKIP H9 GATES entry (already applied)
SKIP K1 error_dna noise filter (already applied)
SKIP H10 audit date format (already applied)
SKIP S1a lx-goal ghost routes (already applied)
SKIP S1b lx-oma race wording (already applied)
SKIP S1c1 chaining diagram ghost (already applied)
SKIP S1c2 chaining list ghost (already applied)
SKIP S1c3 chaining race section (already applied)
SKIP S1d skill-deps lx-race archived (already applied)
SKIP S2a varlock table (already applied)
SKIP S2b varlock rules numbering (already applied)
SKIP S2c varlock fence read (already applied)
SKIP S2d varlock fence write (already applied)
SKIP S2e varlock fence set (already applied)
SKIP S2f varlock fence run (already applied)
SKIP K3 VERSION bump (already applied)
SKIP K3 CHANGELOG entry (already applied)
SKIP K4 registry reality header (already applied)
K1 quarantine: no noise found
== acceptance ==
A-R4-1 OK
A-R4-2 OK
A-R4-3 behavior units OK
A-R4-4 quarantine verified
A-R4-5 OK (20/20)
A-R4-6 OK
A-R4-7 OK
A-R4-8 OK
== ALL R4 ACCEPTANCE PASSED ==
