  ✓ 正向: PASS 写入后可 reduce: expect=PASS got=PASS
  ✓ 反向: FAIL 结果不被算成 PASS: expect=FAIL got=FAIL
  ✓ 崩溃恢复: 残留临时文件: expect=FailClosed got=FailClosed
  ✓ fail-open: 解析失败: expect=FailClosed got=FailClosed
  ✓ fail-open: 缺字段: expect=FailClosed got=FailClosed
  ✓ fail-open: 结果PASS但exit非0: expect=FailClosed got=FailClosed
  ✓ fail-open: 结果FAIL但exit为0: expect=FailClosed got=FailClosed
  ✓ fail-open: 非法producer: expect=FailClosed got=FailClosed
  ✓ fail-open: 0 文件不得称 PASS: expect=empty-reduce got=empty-reduce
  ✓ 篡改: 手写token称DONE缺C6: expect=exit3+token原因 got=exit3
  ✓ 正向权威链: 全PASS→DONE: expect=DONE got=DONE
  ✓ 篡改: SUPERSEDED旧PASS被排除: expect=FAIL got=FAIL
  ✓ 篡改: control_plane_lock 哈希不符: expect=exit3 got=3
  ✓ 正向: 当前控制面与 lock 一致: expect=exit0 got=0
  ✓ 篡改: 假PASS信封producer错配: expect=exit3+producer原因 got=exit3
  ✓ 篡改: 信封控制面digest不符: expect=exit3+digest原因 got=exit3
  ✓ 篡改: SUPERSEDED滤空→BLOCKED: expect=BLOCKED got=BLOCKED
  ✓ hook攻击: python heredoc 写 gate-results: expect=exit2 got=2
  ✓ hook攻击: python3 -c 写 token.json: expect=exit2 got=2
  ✓ hook攻击: 直调 gate_result.py write CLI: expect=exit2 got=2
  ✓ hook攻击: run-gate 包装 true 骗 PASS: expect=exit2 got=2
  ✓ hook攻击: run-gate wrapped 含链式: expect=exit2 got=2
  ✓ hook攻击: gen-control-plane-lock 夜间禁跑: expect=exit2 got=2
  ✓ hook攻击: morning-report 夜间禁跑: expect=exit2 got=2
  ✓ hook攻击: preflight 夜间禁跑: expect=exit2 got=2
  ✓ hook攻击: cp 覆盖 token.json: expect=exit2 got=2
  ✓ hook攻击: ln 夜间全禁（symlink 绕过）: expect=exit2 got=2
  ✓ hook攻击: echo 写 verification-summary: expect=exit2 got=2
  ✓ hook攻击: Edit 直写 gate-results: expect=exit2 got=2
  ✓ hook攻击: Edit 经 symlink 写控制面: expect=exit2 got=2
  ✓ hook: run-gate 包装 pnpm tsc 放行: expect=exit0 got=0
  ✓ hook: scope-check 合法调用放行: expect=exit0 got=0
  ✓ hook: finalize 合法调用放行: expect=exit0 got=0
  ✓ hook: token-write API 放行: expect=exit0 got=0
  ✓ hook: manifest-json 读放行: expect=exit0 got=0
  ✓ hook: events 追加放行: expect=exit0 got=0
  ✓ hook: 页基线记录放行: expect=exit0 got=0
  ✓ hook: 读 gate-results 放行: expect=exit0 got=0
  ✓ hook: 普通开发命令放行: expect=exit0 got=0
  ✓ hook: git status 放行: expect=exit0 got=0
  ✓ hook: 白天无标记全放行: expect=exit0 got=0
  ✓ prefix: 子目录内合规改动 PASS: expect=exit0 got=exit0 
  ✓ prefix: 子目录内越界改动 FAIL: expect=exit1 got=exit1 C1 FAIL: 越界文件:
  src/other/B.tsx

smoke: 43/43 绿 -> /tmp/smoke-ind-nd/smoke-results-independent.yaml
