  ✓ 正向: PASS 写入后可 reduce: expect=PASS got=PASS
  ✓ 反向: FAIL 结果不被算成 PASS: expect=FAIL got=FAIL
  ✓ 崩溃恢复: 残留临时文件: expect=FailClosed got=FailClosed
  ✓ fail-open: 解析失败: expect=FailClosed got=FailClosed
  ✓ fail-open: 缺字段: expect=FailClosed got=FailClosed
  ✓ fail-open: 结果PASS但exit非0: expect=FailClosed got=FailClosed
  ✓ fail-open: 结果FAIL但exit为0: expect=FailClosed got=FailClosed
  ✓ fail-open: 非法producer: expect=FailClosed got=FailClosed
  ✓ fail-open: 0 文件不得称 PASS: expect=empty-reduce got=empty-reduce
  ✓ 篡改: 手写token称DONE缺C6: expect=exit3+token原因 got=exit3
  ✓ 正向权威链: 全PASS→DONE: expect=DONE got=DONE
  ✓ 篡改: SUPERSEDED旧PASS被排除: expect=FAIL got=FAIL
  ✓ 篡改: control_plane_lock 哈希不符: expect=exit3 got=3
  ✓ 正向: 当前控制面与 lock 一致: expect=exit0 got=0
  ✓ 篡改: 假PASS信封producer错配: expect=exit3+producer原因 got=exit3
  ✓ 篡改: 信封控制面digest不符: expect=exit3+digest原因 got=exit3
  ✓ 篡改: SUPERSEDED滤空→BLOCKED: expect=BLOCKED got=BLOCKED
  ✓ hook攻击: python heredoc 写 gate-results: expect=exit2 got=2
  ✓ hook攻击: python3 -c 写 token.json: expect=exit2 got=2
  ✓ hook攻击: 直调 gate_result.py write CLI: expect=exit2 got=2
  ✓ hook攻击: run-gate 包装 true 骗 PASS: expect=exit2 got=2
  ✓ hook攻击: run-gate wrapped 含链式: expect=exit2 got=2
  ✓ hook攻击: gen-control-plane-lock 夜间禁跑: expect=exit2 got=2
  ✓ hook攻击: morning-report 夜间禁跑: expect=exit2 got=2
  ✓ hook攻击: preflight 夜间禁跑: expect=exit2 got=2
  ✓ hook攻击: cp 覆盖 token.json: expect=exit2 got=2
  ✓ hook攻击: ln 夜间全禁（symlink 绕过）: expect=exit2 got=2
  ✓ hook攻击: echo 写 verification-summary: expect=exit2 got=2
  ✓ hook攻击: Edit 直写 gate-results: expect=exit2 got=2
  ✓ hook攻击: Edit 经 symlink 写控制面: expect=exit2 got=2
  ✓ hook: run-gate 包装 pnpm tsc 放行: expect=exit0 got=0
  ✓ hook: scope-check 合法调用放行: expect=exit0 got=0
  ✓ hook: finalize 合法调用放行: expect=exit0 got=0
  ✓ hook: token-write API 放行: expect=exit0 got=0
  ✓ hook: manifest-json 读放行: expect=exit0 got=0
  ✓ hook: events 追加放行: expect=exit0 got=0
  ✓ hook: 页基线记录放行: expect=exit0 got=0
  ✓ hook: 读 gate-results 放行: expect=exit0 got=0
  ✓ hook: 普通开发命令默认拒（v3：工具链必须走 run-gate）: expect=exit2 got=2
  ✓ hook: git status 放行: expect=exit0 got=0
  ✓ hook: 白天无标记全放行: expect=exit0 got=0
  ✓ Sol: 动态拼接删 marker（R-SOL-A）: expect=exit2 got=2
  ✓ Sol: 动态拼接改 hook（R-SOL-B）: expect=exit2 got=2
  ✓ Sol: 动态拼接改 gate（R-SOL-C）: expect=exit2 got=2
  ✓ Sol: 环境变量拼接路径: expect=exit2 got=2
  ✓ Sol: glob 删 marker: expect=exit2 got=2
  ✓ Sol: 裸 python3 -c（R-SOL-D）: expect=exit2 got=2
  ✓ Sol: node -e 动态写 gate-results: expect=exit2 got=2
  ✓ Sol: find -exec 间接删: expect=exit2 got=2
  ✓ Sol: cd 后复合命令: expect=exit2 got=2
  ✓ Sol: xargs sh -c 间接解释器: expect=exit2 got=2
  ✓ Sol: 双引号内命令替换仍拦: expect=exit2 got=2
  ✓ Sol: 转义引号后命令替换仍拦: expect=exit2 got=2
  ✓ Sol: gh pr create 无 --draft: expect=exit2 got=2
  ✓ Sol: gh pr create --repo 目标漂移: expect=exit2 got=2
  ✓ Sol: git commit --amend 历史改写: expect=exit2 got=2
  ✓ Sol: git commit --no-verify 绕钩子: expect=exit2 got=2
  ✓ Sol: git add -f 强制添加: expect=exit2 got=2
  ✓ Sol: 引号未闭合即拒: expect=exit2 got=2
  ✓ Sol: 引号外括号（subshell）: expect=exit2 got=2
  ✓ Sol: rm 非 scoped 路径默认拒: expect=exit2 got=2
  ✓ Sol: 坏payload 空stdin: expect=exit2 got=2
  ✓ Sol: 坏payload 非法JSON: expect=exit2 got=2
  ✓ Sol: 坏payload 缺tool_name: expect=exit2 got=2
  ✓ Sol: 坏payload 缺command: expect=exit2 got=2
  ✓ Sol: 坏payload command类型错: expect=exit2 got=2
  ✓ Sol: cwd漂移 /tmp下攻击仍拦: expect=exit2 got=2
  ✓ Sol: cwd漂移 /tmp下合法仍放行: expect=exit0 got=0
  ✓ Sol: git add 原子提交放行: expect=exit0 got=0
  ✓ Sol: git commit 带括号消息放行: expect=exit0 got=0
  ✓ Sol: gh pr create 放行（C8b）: expect=exit0 got=0
  ✓ Sol: lx-goal 激活放行: expect=exit0 got=0
  ✓ Sol: 版本探针放行: expect=exit0 got=0
  ✓ Sol: mkdir 放行: expect=exit0 got=0
  ✓ Sol: scoped rm artifacts 放行（步10）: expect=exit0 got=0
  ✓ Sol: 引号内管道字面量放行: expect=exit0 got=0
  ✓ Sol: run-gate wrapped 带引号 grep 放行: expect=exit0 got=0
  ✓ Sol: 单引号内命令替换是字面量放行: expect=exit0 got=0
  ✓ prefix: 子目录内合规改动 PASS: expect=exit0 got=exit0 
  ✓ prefix: 子目录内越界改动 FAIL: expect=exit1 got=exit1 C1 FAIL: 越界文件:
  src/other/B.tsx

smoke: 80/80 绿 -> /tmp/smoke-ind-nd-v3/smoke-results-independent.yaml
